This is pdfTeX, Version 3.14159265-2.6-1.40.16 (TeX Live 2015) (preloaded format=pdflatex 2016.4.13)  28 AUG 2016 17:27
entering extended mode
 \write18 enabled.
 %&-line parsing enabled.
**thesis.tex
(./thesis.tex
LaTeX2e <2015/01/01>
Babel <3.9l> and hyphenation patterns for 79 languages loaded.
(/usr/local/texlive/2015/texmf-dist/tex/latex/base/report.cls
Document Class: report 2014/09/29 v1.4h Standard LaTeX document class
(/usr/local/texlive/2015/texmf-dist/tex/latex/base/size11.clo
File: size11.clo 2014/09/29 v1.4h Standard LaTeX file (size option)
)
\c@part=\count79
\c@chapter=\count80
\c@section=\count81
\c@subsection=\count82
\c@subsubsection=\count83
\c@paragraph=\count84
\c@subparagraph=\count85
\c@figure=\count86
\c@table=\count87
\abovecaptionskip=\skip41
\belowcaptionskip=\skip42
\bibindent=\dimen102
)
(./baththesis.sty
Package: baththesis 

(/usr/local/texlive/2015/texmf-dist/tex/latex/setspace/setspace.sty
Package: setspace 2011/12/19 v6.7a set line spacing
))
(/usr/local/texlive/2015/texmf-dist/tex/latex/amsfonts/amssymb.sty
Package: amssymb 2013/01/14 v3.01 AMS font symbols

(/usr/local/texlive/2015/texmf-dist/tex/latex/amsfonts/amsfonts.sty
Package: amsfonts 2013/01/14 v3.01 Basic AMSFonts support
\@emptytoks=\toks14
\symAMSa=\mathgroup4
\symAMSb=\mathgroup5
LaTeX Font Info:    Overwriting math alphabet `\mathfrak' in version `bold'
(Font)                  U/euf/m/n --> U/euf/b/n on input line 106.
))
(/usr/local/texlive/2015/texmf-dist/tex/latex/graphics/graphicx.sty
Package: graphicx 2014/10/28 v1.0g Enhanced LaTeX Graphics (DPC,SPQR)

(/usr/local/texlive/2015/texmf-dist/tex/latex/graphics/keyval.sty
Package: keyval 2014/10/28 v1.15 key=value parser (DPC)
\KV@toks@=\toks15
)
(/usr/local/texlive/2015/texmf-dist/tex/latex/graphics/graphics.sty
Package: graphics 2014/10/28 v1.0p Standard LaTeX Graphics (DPC,SPQR)

(/usr/local/texlive/2015/texmf-dist/tex/latex/graphics/trig.sty
Package: trig 1999/03/16 v1.09 sin cos tan (DPC)
)
(/usr/local/texlive/2015/texmf-dist/tex/latex/latexconfig/graphics.cfg
File: graphics.cfg 2010/04/23 v1.9 graphics configuration of TeX Live
)
Package graphics Info: Driver file: pdftex.def on input line 94.

(/usr/local/texlive/2015/texmf-dist/tex/latex/pdftex-def/pdftex.def
File: pdftex.def 2011/05/27 v0.06d Graphics/color for pdfTeX

(/usr/local/texlive/2015/texmf-dist/tex/generic/oberdiek/infwarerr.sty
Package: infwarerr 2010/04/08 v1.3 Providing info/warning/error messages (HO)
)
(/usr/local/texlive/2015/texmf-dist/tex/generic/oberdiek/ltxcmds.sty
Package: ltxcmds 2011/11/09 v1.22 LaTeX kernel commands for general use (HO)
)
\Gread@gobject=\count88
))
\Gin@req@height=\dimen103
\Gin@req@width=\dimen104
)
(/usr/local/texlive/2015/texmf-dist/tex/latex/url/url.sty
\Urlmuskip=\muskip10
Package: url 2013/09/16  ver 3.4  Verb mode for urls, etc.
) (./thesis.aux

LaTeX Warning: Label `my-label' multiply defined.


LaTeX Warning: Label `my-label' multiply defined.


LaTeX Warning: Label `my-label' multiply defined.


LaTeX Warning: Label `my-label' multiply defined.


LaTeX Warning: Label `my-label' multiply defined.


LaTeX Warning: Label `my-label' multiply defined.

)
\openout1 = `thesis.aux'.

LaTeX Font Info:    Checking defaults for OML/cmm/m/it on input line 14.
LaTeX Font Info:    ... okay on input line 14.
LaTeX Font Info:    Checking defaults for T1/cmr/m/n on input line 14.
LaTeX Font Info:    ... okay on input line 14.
LaTeX Font Info:    Checking defaults for OT1/cmr/m/n on input line 14.
LaTeX Font Info:    ... okay on input line 14.
LaTeX Font Info:    Checking defaults for OMS/cmsy/m/n on input line 14.
LaTeX Font Info:    ... okay on input line 14.
LaTeX Font Info:    Checking defaults for OMX/cmex/m/n on input line 14.
LaTeX Font Info:    ... okay on input line 14.
LaTeX Font Info:    Checking defaults for U/cmr/m/n on input line 14.
LaTeX Font Info:    ... okay on input line 14.
 (/usr/local/texlive/2015/texmf-dist/tex/context/base/supp-pdf.mkii
[Loading MPS to PDF converter (version 2006.09.02).]
\scratchcounter=\count89
\scratchdimen=\dimen105
\scratchbox=\box26
\nofMPsegments=\count90
\nofMParguments=\count91
\everyMPshowfont=\toks16
\MPscratchCnt=\count92
\MPscratchDim=\dimen106
\MPnumerator=\count93
\makeMPintoPDFobject=\count94
\everyMPtoPDFconversion=\toks17
) (/usr/local/texlive/2015/texmf-dist/tex/generic/oberdiek/pdftexcmds.sty
Package: pdftexcmds 2011/11/29 v0.20 Utility functions of pdfTeX for LuaTeX (HO
)

(/usr/local/texlive/2015/texmf-dist/tex/generic/oberdiek/ifluatex.sty
Package: ifluatex 2010/03/01 v1.3 Provides the ifluatex switch (HO)
Package ifluatex Info: LuaTeX not detected.
)
(/usr/local/texlive/2015/texmf-dist/tex/generic/oberdiek/ifpdf.sty
Package: ifpdf 2011/01/30 v2.3 Provides the ifpdf switch (HO)
Package ifpdf Info: pdfTeX in PDF mode is detected.
)
Package pdftexcmds Info: LuaTeX not detected.
Package pdftexcmds Info: \pdf@primitive is available.
Package pdftexcmds Info: \pdf@ifprimitive is available.
Package pdftexcmds Info: \pdfdraftmode found.
)
(/usr/local/texlive/2015/texmf-dist/tex/latex/oberdiek/epstopdf-base.sty
Package: epstopdf-base 2010/02/09 v2.5 Base part for package epstopdf

(/usr/local/texlive/2015/texmf-dist/tex/latex/oberdiek/grfext.sty
Package: grfext 2010/08/19 v1.1 Manage graphics extensions (HO)

(/usr/local/texlive/2015/texmf-dist/tex/generic/oberdiek/kvdefinekeys.sty
Package: kvdefinekeys 2011/04/07 v1.3 Define keys (HO)
))
(/usr/local/texlive/2015/texmf-dist/tex/latex/oberdiek/kvoptions.sty
Package: kvoptions 2011/06/30 v3.11 Key value format for package options (HO)

(/usr/local/texlive/2015/texmf-dist/tex/generic/oberdiek/kvsetkeys.sty
Package: kvsetkeys 2012/04/25 v1.16 Key value parser (HO)

(/usr/local/texlive/2015/texmf-dist/tex/generic/oberdiek/etexcmds.sty
Package: etexcmds 2011/02/16 v1.5 Avoid name clashes with e-TeX commands (HO)
Package etexcmds Info: Could not find \expanded.
(etexcmds)             That can mean that you are not using pdfTeX 1.50 or
(etexcmds)             that some package has redefined \expanded.
(etexcmds)             In the latter case, load this package earlier.
)))
Package grfext Info: Graphics extension search list:
(grfext)             [.png,.pdf,.jpg,.mps,.jpeg,.jbig2,.jb2,.PNG,.PDF,.JPG,.JPE
G,.JBIG2,.JB2,.eps]
(grfext)             \AppendGraphicsExtensions on input line 452.

(/usr/local/texlive/2015/texmf-dist/tex/latex/latexconfig/epstopdf-sys.cfg
File: epstopdf-sys.cfg 2010/07/13 v1.3 Configuration of (r)epstopdf for TeX Liv
e
))
Chapter 1.
Missing character: There is no Õ in font cmr10!
Missing character: There is no Õ in font cmr10!
[1


{/usr/local/texlive/2015/texmf-var/fonts/map/pdftex/updmap/pdftex.map}]
Missing character: There is no Õ in font cmr10!
Missing character: There is no Õ in font cmr10!
Missing character: There is no Õ in font cmr10!
Missing character: There is no Õ in font cmr10!
Missing character: There is no Õ in font cmr10!
Missing character: There is no Õ in font cmr10!
Missing character: There is no Õ in font cmr10!

[2] [3] [4] [5] <images/interview.png, id=21, 1357.07pt x 1078.0275pt>
File: images/interview.png Graphic file (type png)

<use images/interview.png>
Package pdftex.def Info: images/interview.png used on input line 125.
(pdftex.def)             Requested size: 288.35587pt x 229.05725pt.
Missing character: There is no Õ in font cmr10!
Missing character: There is no Õ in font cmr10!
 [6 <./images/interview.png>]
Missing character: There is no Õ in font cmr10!
Missing character: There is no Õ in font cmr10!


LaTeX Warning: File `images/countclass.png' not found on input line 147.


! Package pdftex.def Error: File `images/countclass.png' not found.

See the pdftex.def package documentation for explanation.
Type  H <return>  for immediate help.
 ...                                              
                                                  
l.147 ...idth=.4\linewidth]{images/countclass.png}
                                                  
? s
OK, entering \scrollmode...
Missing character: There is no Õ in font cmr10!
[7]
Missing character: There is no Õ in font cmr10!
 [8]
Missing character: There is no Õ in font cmr10!
Missing character: There is no Õ in font cmr10!
Missing character: There is no Õ in font cmr10!
Missing character: There is no Õ in font cmr10!
Missing character: There is no Õ in font cmr10!
Missing character: There is no Õ in font cmr10!
Missing character: There is no Õ in font cmr10!
 [9]
Missing character: There is no Õ in font cmr10!
Missing character: There is no Õ in font cmr10!
Missing character: There is no Õ in font cmr10!
Missing character: There is no Õ in font cmr10!
Missing character: There is no Õ in font cmr10!

Underfull \hbox (badness 10000) in paragraph at lines 184--188

 []

[10]
Missing character: There is no Õ in font cmr10!
Missing character: There is no Õ in font cmr10!
Missing character: There is no Õ in font cmr10!
Missing character: There is no Õ in font cmr10!
 <images/cusecase.png, id=39, 489.83pt x 562.1pt>
File: images/cusecase.png Graphic file (type png)

<use images/cusecase.png>
Package pdftex.def Info: images/cusecase.png used on input line 195.
(pdftex.def)             Requested size: 164.77298pt x 189.07874pt.
 [11]
Missing character: There is no Õ in font cmr10!
Missing character: There is no Ò in font cmr10!
Missing character: There is no Ó in font cmr10!
Missing character: There is no Õ in font cmr10!
Missing character: There is no Õ in font cmr10!
Missing character: There is no Õ in font cmr10!

Underfull \hbox (badness 10000) in paragraph at lines 201--208

 []

[12 <./images/cusecase.png>]
Underfull \hbox (badness 10000) in paragraph at lines 209--216

 []

Missing character: There is no Õ in font cmr10!
Missing character: There is no Õ in font cmr10!

Underfull \hbox (badness 10000) in paragraph at lines 217--223

 []

[13]
Missing character: There is no Õ in font cmr10!
Missing character: There is no Õ in font cmr10!

Underfull \hbox (badness 10000) in paragraph at lines 224--231

 []

<images/uusecase.png, id=52, 510.90875pt x 377.41pt>
File: images/uusecase.png Graphic file (type png)
 <use images/uusecase.png>
Package pdftex.def Info: images/uusecase.png used on input line 235.
(pdftex.def)             Requested size: 164.77298pt x 121.71811pt.
Missing character: There is no Õ in font cmr10!
Missing character: There is no Õ in font cmr10!
Missing character: There is no Õ in font cmr10!

[14 <./images/uusecase.png>]
Underfull \hbox (badness 10000) in paragraph at lines 249--256

 []


Underfull \hbox (badness 10000) in paragraph at lines 257--264

 []

[15] <images/ccusecase.png, id=60, 525.965pt x 377.41pt>
File: images/ccusecase.png Graphic file (type png)

<use images/ccusecase.png>
Package pdftex.def Info: images/ccusecase.png used on input line 268.
(pdftex.def)             Requested size: 164.77298pt x 118.23402pt.

Underfull \hbox (badness 10000) in paragraph at lines 274--281

 []


Underfull \hbox (badness 10000) in paragraph at lines 283--290

 []

[16 <./images/ccusecase.png>]
<images/susecase.png, id=65, 525.965pt x 377.41pt>
File: images/susecase.png Graphic file (type png)
 <use images/susecase.png>
Package pdftex.def Info: images/susecase.png used on input line 304.
(pdftex.def)             Requested size: 164.77298pt x 118.23402pt.

Underfull \hbox (badness 10000) in paragraph at lines 310--317

 []

[17 <./images/susecase.png>]
Underfull \hbox (badness 10000) in paragraph at lines 320--327

 []


Underfull \hbox (badness 10000) in paragraph at lines 329--336

 []

Missing character: There is no Õ in font cmr10!
[18]
Missing character: There is no Õ in font cmr10!
Missing character: There is no Õ in font cmr10!
Missing character: There is no Õ in font cmr10!
Missing character: There is no Õ in font cmr10!
Missing character: There is no Õ in font cmr10!
Missing character: There is no Õ in font cmr10!
Missing character: There is no Õ in font cmr10!
 [19] [20] [21]
Chapter 2.
Missing character: There is no Õ in font cmr10!
<images/All.png, id=83, 668.4975pt x 648.4225pt>
File: images/All.png Graphic file (type png)
 <use images/All.png>
Package pdftex.def Info: images/All.png used on input line 394.
(pdftex.def)             Requested size: 288.35587pt x 279.70671pt.
Missing character: There is no Õ in font cmr10!
Missing character: There is no Õ in font cmr10!

<images/Login.png, id=84, 915.42pt x 511.9125pt>
File: images/Login.png Graphic file (type png)
 <use images/Login.png>
Package pdftex.def Info: images/Login.png used on input line 403.
(pdftex.def)             Requested size: 288.35587pt x 161.25328pt.
Missing character: There is no Õ in font cmr10!
Missing character: There is no Õ in font cmr10!
Missing character: There is no Õ in font cmr10!
Missing character: There is no Õ in font cmr10!
Missing character: There is no Õ in font cmr10!
Missing character: There is no Õ in font cmr10!

[22

] [23 <./images/All.png>]
<images/TimeTable.png, id=92, 875.27pt x 618.31pt>
File: images/TimeTable.png Graphic file (type png)
 <use images/TimeTable.png>
Package pdftex.def Info: images/TimeTable.png used on input line 414.
(pdftex.def)             Requested size: 288.35587pt x 203.70328pt.
Missing character: There is no Õ in font cmr10!
Missing character: There is no Õ in font cmr10!
Missing character: There is no Õ in font cmr10!
Missing character: There is no Õ in font cmr10!

[24 <./images/Login.png>]
Missing character: There is no Õ in font cmr10!
Missing character: There is no Õ in font cmr10!
Missing character: There is no Õ in font cmr10!
Missing character: There is no Õ in font cmr10!
Missing character: There is no Õ in font cmr10!
Missing character: There is no Õ in font cmr10!
Missing character: There is no Õ in font cmr10!
Missing character: There is no Õ in font cmr10!
Missing character: There is no Õ in font cmr10!
Missing character: There is no Õ in font cmr10!
Missing character: There is no Õ in font cmr10!
Missing character: There is no Õ in font cmr10!
Missing character: There is no Õ in font cmr10!
Missing character: There is no Õ in font cmr10!
Missing character: There is no Õ in font cmr10!
 [25 <./images/TimeTable.png>]
<images/Ument.png, id=102, 619.31375pt x 482.80376pt>
File: images/Ument.png Graphic file (type png)
 <use images/Ument.png>
Package pdftex.def Info: images/Ument.png used on input line 429.
(pdftex.def)             Requested size: 288.35587pt x 224.80347pt.
Missing character: There is no Õ in font cmr10!
Missing character: There is no Õ in font cmr10!
Missing character: There is no Õ in font cmr10!
Missing character: There is no Õ in font cmr10!
Missing character: There is no Õ in font cmr10!
Missing character: There is no Õ in font cmr10!

<images/Chat.png, id=103, 744.7825pt x 556.0775pt>
File: images/Chat.png Graphic file (type png)
 <use images/Chat.png>
Package pdftex.def Info: images/Chat.png used on input line 438.
(pdftex.def)             Requested size: 288.35587pt x 215.29962pt.
Missing character: There is no Õ in font cmr10!
Missing character: There is no Õ in font cmr10!

[26 <./images/Ument.png>] <images/Me.png, id=108, 833.1125pt x 622.325pt>
File: images/Me.png Graphic file (type png)

<use images/Me.png>
Package pdftex.def Info: images/Me.png used on input line 447.
(pdftex.def)             Requested size: 288.35587pt x 215.39555pt.
Missing character: There is no Õ in font cmr10!
Missing character: There is no Õ in font cmr10!
Missing character: There is no Õ in font cmr10!
Missing character: There is no Õ in font cmr10!
Missing character: There is no Õ in font cmr10!
Missing character: There is no Õ in font cmr10!
Missing character: There is no Õ in font cmr10!
Missing character: There is no Õ in font cmr10!
 [27 <./images/Chat.png>]
<images/MVC.png, id=113, 476.78125pt x 297.11pt>
File: images/MVC.png Graphic file (type png)
 <use images/MVC.png>
Package pdftex.def Info: images/MVC.png used on input line 456.
(pdftex.def)             Requested size: 288.35587pt x 179.69997pt.
Missing character: There is no Õ in font cmr10!
 [28 <./images/Me.png> <./images/MVC.png>]
Missing character: There is no Õ in font cmr10!
Missing character: There is no Õ in font cmr10!
Missing character: There is no Õ in font cmr10!

Overfull \hbox (19.88724pt too wide) in paragraph at lines 463--464
\OT1/cmr/m/n/10.95 that the core of what is ac-tu-ally hap-pen-ing in the ap-pl
i-ca-tion be-longs to the Model.[CashTag
 []

Missing character: There is no Ò in font cmr10!
Missing character: There is no Ó in font cmr10!
Missing character: There is no Õ in font cmr10!
Missing character: There is no Ò in font cmr10!
Missing character: There is no Ó in font cmr10!
Missing character: There is no Õ in font cmr10!
Missing character: There is no Õ in font cmr10!
Missing character: There is no Õ in font cmr10!
Missing character: There is no Õ in font cmr10!
Missing character: There is no Õ in font cmr10!
Missing character: There is no Õ in font cmr10!
Missing character: There is no Õ in font cmr10!
<images/loginc.png, id=119, 956.57375pt x 784.9325pt>
File: images/loginc.png Graphic file (type png)
 <use images/loginc.png>
Package pdftex.def Info: images/loginc.png used on input line 473.
(pdftex.def)             Requested size: 411.93877pt x 338.01743pt.

[29]
LaTeX Font Info:    Try loading font information for U+msa on input line 483.
 (/usr/local/texlive/2015/texmf-dist/tex/latex/amsfonts/umsa.fd
File: umsa.fd 2013/01/14 v3.01 AMS symbols A
)
LaTeX Font Info:    Try loading font information for U+msb on input line 483.

(/usr/local/texlive/2015/texmf-dist/tex/latex/amsfonts/umsb.fd
File: umsb.fd 2013/01/14 v3.01 AMS symbols B
)
Missing character: There is no Õ in font cmr10!
Missing character: There is no Õ in font cmr10!
Missing character: There is no Õ in font cmr10!
Missing character: There is no Õ in font cmr10!
Missing character: There is no Õ in font cmr10!
Missing character: There is no Õ in font cmr10!
Missing character: There is no Õ in font cmr10!
Missing character: There is no Õ in font cmr10!
Missing character: There is no Õ in font cmr10!
Missing character: There is no Õ in font cmr10!
Missing character: There is no Õ in font cmr10!
Missing character: There is no Õ in font cmr10!
Missing character: There is no Õ in font cmr10!
Missing character: There is no Õ in font cmr10!
Missing character: There is no Õ in font cmr10!
Missing character: There is no Õ in font cmr10!
Missing character: There is no Õ in font cmr10!
 [30 <./images/loginc.png>]
Missing character: There is no Õ in font cmr10!
Missing character: There is no Õ in font cmr10!
Missing character: There is no Õ in font cmr10!
Missing character: There is no Õ in font cmr10!
Missing character: There is no Õ in font cmr10!
Missing character: There is no Õ in font cmr10!
Missing character: There is no Õ in font cmr10!

Underfull \hbox (badness 10000) in paragraph at lines 534--539

 []

[31]
Missing character: There is no Õ in font cmr10!
Missing character: There is no Õ in font cmr10!
Missing character: There is no Õ in font cmr10!

Underfull \hbox (badness 10000) in paragraph at lines 558--562

 []

Missing character: There is no Õ in font cmr10!
Missing character: There is no Õ in font cmr10!
Missing character: There is no Õ in font cmr10!
Missing character: There is no Õ in font cmr10!
Missing character: There is no Õ in font cmr10!
Missing character: There is no Õ in font cmr10!

Underfull \hbox (badness 10000) in paragraph at lines 583--588

 []

[32]
Missing character: There is no Õ in font cmr10!
Missing character: There is no Õ in font cmr10!
Missing character: There is no Õ in font cmr10!
Missing character: There is no Õ in font cmr10!

Underfull \hbox (badness 10000) in paragraph at lines 609--615

 []

Missing character: There is no Õ in font cmr10!
Missing character: There is no Õ in font cmr10!
Missing character: There is no Õ in font cmr10!
Missing character: There is no Õ in font cmr10!
Missing character: There is no Õ in font cmr10!

Underfull \hbox (badness 10000) in paragraph at lines 635--640

 []

[33]
Missing character: There is no Õ in font cmr10!
Missing character: There is no Õ in font cmr10!

Underfull \hbox (badness 10000) in paragraph at lines 664--673

 []

<images/StoryBoradDesign.png, id=137, 776.9025pt x 680.5425pt>
File: images/StoryBoradDesign.png Graphic file (type png)

<use images/StoryBoradDesign.png>
Package pdftex.def Info: images/StoryBoradDesign.png used on input line 677.
(pdftex.def)             Requested size: 411.93877pt x 360.85194pt.
Missing character: There is no Õ in font cmr10!
Missing character: There is no Õ in font cmr10!
 [34] [35 <./images/StoryBoradDesign.png>]
(./thesis.aux)

LaTeX Warning: There were multiply-defined labels.

 ) 
Here is how much of TeX's memory you used:
 2000 strings out of 493089
 28107 string characters out of 6134842
 95671 words of memory out of 5000000
 5449 multiletter control sequences out of 15000+600000
 10887 words of font info for 41 fonts, out of 8000000 for 9000
 1141 hyphenation exceptions out of 8191
 37i,7n,26p,1612b,231s stack positions out of 5000i,500n,10000p,200000b,80000s
</usr/local/texlive/2015/texmf-dist/fonts/type1/public/amsfonts/cm/cmbx10.pfb
></usr/local/texlive/2015/texmf-dist/fonts/type1/public/amsfonts/cm/cmbx12.pfb>
</usr/local/texlive/2015/texmf-dist/fonts/type1/public/amsfonts/cm/cmr10.pfb></
usr/local/texlive/2015/texmf-dist/fonts/type1/public/amsfonts/cm/cmtt10.pfb>
Output written on thesis.pdf (35 pages, 512227 bytes).
PDF statistics:
 160 PDF objects out of 1000 (max. 8388607)
 91 compressed objects within 1 object stream
 0 named destinations out of 1000 (max. 500000)
 71 words of extra memory for PDF output out of 10000 (max. 10000000)

