\BOOKMARK [0][-]{chapter.1}{Introduction}{}% 1
\BOOKMARK [1][-]{section.1.1}{The Project's Goal}{chapter.1}% 2
\BOOKMARK [1][-]{section.1.2}{The Project’s Proposal}{chapter.1}% 3
\BOOKMARK [1][-]{section.1.3}{The Motivation for Project}{chapter.1}% 4
\BOOKMARK [2][-]{subsection.1.3.1}{Social Media’s Motivation}{section.1.3}% 5
\BOOKMARK [2][-]{subsection.1.3.2}{Application of Study’s Motivation. }{section.1.3}% 6
\BOOKMARK [1][-]{section.1.4}{Project's Objects}{chapter.1}% 7
\BOOKMARK [0][-]{chapter.2}{Literature Survey}{}% 8
\BOOKMARK [1][-]{section.2.1}{Project’s Background Literature Review}{chapter.2}% 9
\BOOKMARK [1][-]{section.2.2}{Technology Literature review}{chapter.2}% 10
\BOOKMARK [0][-]{chapter.3}{Related Work}{}% 11
\BOOKMARK [1][-]{section.3.1}{Responsibility/Tasks}{chapter.3}% 12
\BOOKMARK [1][-]{section.3.2}{Software Engineering Tools and Techniques}{chapter.3}% 13
\BOOKMARK [1][-]{section.3.3}{Test Design}{chapter.3}% 14
\BOOKMARK [1][-]{section.3.4}{Time Line}{chapter.3}% 15
\BOOKMARK [0][-]{chapter.4}{Requirements}{}% 16
\BOOKMARK [1][-]{section.4.1}{Summary of the task}{chapter.4}% 17
\BOOKMARK [1][-]{section.4.2}{Requirements analysis}{chapter.4}% 18
\BOOKMARK [2][-]{subsection.4.2.1}{ Stakeholder analysis}{section.4.2}% 19
\BOOKMARK [2][-]{subsection.4.2.2}{User Interviews and Survey}{section.4.2}% 20
\BOOKMARK [2][-]{subsection.4.2.3}{Joint Requirements Development \(JRD\) Sessions}{section.4.2}% 21
\BOOKMARK [2][-]{subsection.4.2.4}{ Comparison with similar applications and websites}{section.4.2}% 22
\BOOKMARK [2][-]{subsection.4.2.5}{ Measurable goals}{section.4.2}% 23
\BOOKMARK [1][-]{section.4.3}{Use Case}{chapter.4}% 24
\BOOKMARK [2][-]{subsection.4.3.1}{Calendar Use Case}{section.4.3}% 25
\BOOKMARK [2][-]{subsection.4.3.2}{Social Networking Use Case}{section.4.3}% 26
\BOOKMARK [2][-]{subsection.4.3.3}{Chat Use Case}{section.4.3}% 27
\BOOKMARK [2][-]{subsection.4.3.4}{Setting Use Case}{section.4.3}% 28
\BOOKMARK [1][-]{section.4.4}{ Requirements specification}{chapter.4}% 29
\BOOKMARK [2][-]{subsection.4.4.1}{SRS Introduction}{section.4.4}% 30
\BOOKMARK [2][-]{subsection.4.4.2}{Overall Description}{section.4.4}% 31
\BOOKMARK [2][-]{subsection.4.4.3}{System Feature }{section.4.4}% 32
\BOOKMARK [1][-]{section.4.5}{Prototype}{chapter.4}% 33
\BOOKMARK [0][-]{chapter.5}{Overall Design}{}% 34
\BOOKMARK [1][-]{section.5.1}{Architecture Design}{chapter.5}% 35
\BOOKMARK [1][-]{section.5.2}{Design Pattern}{chapter.5}% 36
\BOOKMARK [2][-]{subsection.5.2.1}{The Model}{section.5.2}% 37
\BOOKMARK [2][-]{subsection.5.2.2}{The View}{section.5.2}% 38
\BOOKMARK [2][-]{subsection.5.2.3}{The Controller}{section.5.2}% 39
\BOOKMARK [1][-]{section.5.3}{Data Design}{chapter.5}% 40
\BOOKMARK [1][-]{section.5.4}{Interface Design}{chapter.5}% 41
\BOOKMARK [2][-]{subsection.5.4.1}{Components}{section.5.4}% 42
\BOOKMARK [2][-]{subsection.5.4.2}{View Design }{section.5.4}% 43
\BOOKMARK [2][-]{subsection.5.4.3}{Storyboard Design}{section.5.4}% 44
\BOOKMARK [0][-]{chapter.6}{Implementation and Testing}{}% 45
\BOOKMARK [1][-]{section.6.1}{Server}{chapter.6}% 46
\BOOKMARK [2][-]{subsection.6.1.1}{Install Server And Mysql}{section.6.1}% 47
\BOOKMARK [2][-]{subsection.6.1.2}{Mysql Tables}{section.6.1}% 48
\BOOKMARK [2][-]{subsection.6.1.3}{Web Crawlers}{section.6.1}% 49
\BOOKMARK [2][-]{subsection.6.1.4}{PHP Interfaces}{section.6.1}% 50
\BOOKMARK [1][-]{section.6.2}{IMServer}{chapter.6}% 51
\BOOKMARK [2][-]{subsection.6.2.1}{Install SDK}{section.6.2}% 52
\BOOKMARK [2][-]{subsection.6.2.2}{Use IMServer}{section.6.2}% 53
\BOOKMARK [1][-]{section.6.3}{IOS Application}{chapter.6}% 54
\BOOKMARK [2][-]{subsection.6.3.1}{Data}{section.6.3}% 55
\BOOKMARK [2][-]{subsection.6.3.2}{Model}{section.6.3}% 56
\BOOKMARK [2][-]{subsection.6.3.3}{View}{section.6.3}% 57
\BOOKMARK [2][-]{subsection.6.3.4}{Controller}{section.6.3}% 58
\BOOKMARK [2][-]{subsection.6.3.5}{Implementation Difficult}{section.6.3}% 59
\BOOKMARK [1][-]{section.6.4}{System Test}{chapter.6}% 60
\BOOKMARK [0][-]{chapter.7}{Results}{}% 61
\BOOKMARK [1][-]{section.7.1}{Mysql Check}{chapter.7}% 62
\BOOKMARK [1][-]{section.7.2}{Screenshot}{chapter.7}% 63
\BOOKMARK [0][-]{chapter.8}{Conclusions and Feature Work}{}% 64
\BOOKMARK [1][-]{section.8.1}{Conclusions}{chapter.8}% 65
\BOOKMARK [1][-]{section.8.2}{Critical Evaluation}{chapter.8}% 66
\BOOKMARK [1][-]{section.8.3}{Feature Work}{chapter.8}% 67
\BOOKMARK [0][-]{appendix.A}{User Interviews and Survey}{}% 68
\BOOKMARK [1][-]{section.A.1}{User Interviews }{appendix.A}% 69
\BOOKMARK [1][-]{section.A.2}{Interview Results}{appendix.A}% 70
\BOOKMARK [0][-]{appendix.B}{Design Diagrams}{}% 71
\BOOKMARK [0][-]{appendix.C}{User Documentation}{}% 72
\BOOKMARK [0][-]{appendix.D}{Raw results output}{}% 73
\BOOKMARK [0][-]{appendix.E}{Code}{}% 74
\BOOKMARK [1][-]{section.E.1}{File: yourCodeFile.java}{appendix.E}% 75
