This is pdfTeX, Version 3.14159265-2.6-1.40.16 (TeX Live 2015) (preloaded format=pdflatex 2016.4.13)  29 AUG 2016 22:32
entering extended mode
 \write18 enabled.
 %&-line parsing enabled.
**Dissertation.tex
(./Dissertation.tex
LaTeX2e <2015/01/01>
Babel <3.9l> and hyphenation patterns for 79 languages loaded.
(/usr/local/texlive/2015/texmf-dist/tex/latex/base/report.cls
Document Class: report 2014/09/29 v1.4h Standard LaTeX document class
(/usr/local/texlive/2015/texmf-dist/tex/latex/base/size11.clo
File: size11.clo 2014/09/29 v1.4h Standard LaTeX file (size option)
)
\c@part=\count79
\c@chapter=\count80
\c@section=\count81
\c@subsection=\count82
\c@subsubsection=\count83
\c@paragraph=\count84
\c@subparagraph=\count85
\c@figure=\count86
\c@table=\count87
\abovecaptionskip=\skip41
\belowcaptionskip=\skip42
\bibindent=\dimen102
)
\@input{DissertationDefs.aux}
\openout2 = `DissertationDefs.aux'.

(./DissertationDefs.tex
(/usr/local/texlive/2015/texmf-dist/tex/latex/harvard/harvard.sty
Package: harvard 

(/usr/local/texlive/2015/texmf-dist/tex/latex/base/ifthen.sty
Package: ifthen 2014/09/29 v1.1c Standard LaTeX ifthen package (DPC)
))
(/usr/local/texlive/2015/texmf-dist/tex/latex/graphics/graphicx.sty
Package: graphicx 2014/10/28 v1.0g Enhanced LaTeX Graphics (DPC,SPQR)

(/usr/local/texlive/2015/texmf-dist/tex/latex/graphics/keyval.sty
Package: keyval 2014/10/28 v1.15 key=value parser (DPC)
\KV@toks@=\toks14
)
(/usr/local/texlive/2015/texmf-dist/tex/latex/graphics/graphics.sty
Package: graphics 2014/10/28 v1.0p Standard LaTeX Graphics (DPC,SPQR)

(/usr/local/texlive/2015/texmf-dist/tex/latex/graphics/trig.sty
Package: trig 1999/03/16 v1.09 sin cos tan (DPC)
)
(/usr/local/texlive/2015/texmf-dist/tex/latex/latexconfig/graphics.cfg
File: graphics.cfg 2010/04/23 v1.9 graphics configuration of TeX Live
)
Package graphics Info: Driver file: pdftex.def on input line 94.

(/usr/local/texlive/2015/texmf-dist/tex/latex/pdftex-def/pdftex.def
File: pdftex.def 2011/05/27 v0.06d Graphics/color for pdfTeX

(/usr/local/texlive/2015/texmf-dist/tex/generic/oberdiek/infwarerr.sty
Package: infwarerr 2010/04/08 v1.3 Providing info/warning/error messages (HO)
)
(/usr/local/texlive/2015/texmf-dist/tex/generic/oberdiek/ltxcmds.sty
Package: ltxcmds 2011/11/09 v1.22 LaTeX kernel commands for general use (HO)
)
\Gread@gobject=\count88
))
\Gin@req@height=\dimen103
\Gin@req@width=\dimen104
)
(/usr/local/texlive/2015/texmf-dist/tex/latex/hyperref/hyperref.sty
Package: hyperref 2012/11/06 v6.83m Hypertext links for LaTeX

(/usr/local/texlive/2015/texmf-dist/tex/generic/oberdiek/hobsub-hyperref.sty
Package: hobsub-hyperref 2012/05/28 v1.13 Bundle oberdiek, subset hyperref (HO)


(/usr/local/texlive/2015/texmf-dist/tex/generic/oberdiek/hobsub-generic.sty
Package: hobsub-generic 2012/05/28 v1.13 Bundle oberdiek, subset generic (HO)
Package: hobsub 2012/05/28 v1.13 Construct package bundles (HO)
Package hobsub Info: Skipping package `infwarerr' (already loaded).
Package hobsub Info: Skipping package `ltxcmds' (already loaded).
Package: ifluatex 2010/03/01 v1.3 Provides the ifluatex switch (HO)
Package ifluatex Info: LuaTeX not detected.
Package: ifvtex 2010/03/01 v1.5 Detect VTeX and its facilities (HO)
Package ifvtex Info: VTeX not detected.
Package: intcalc 2007/09/27 v1.1 Expandable calculations with integers (HO)
Package: ifpdf 2011/01/30 v2.3 Provides the ifpdf switch (HO)
Package ifpdf Info: pdfTeX in PDF mode is detected.
Package: etexcmds 2011/02/16 v1.5 Avoid name clashes with e-TeX commands (HO)
Package etexcmds Info: Could not find \expanded.
(etexcmds)             That can mean that you are not using pdfTeX 1.50 or
(etexcmds)             that some package has redefined \expanded.
(etexcmds)             In the latter case, load this package earlier.
Package: kvsetkeys 2012/04/25 v1.16 Key value parser (HO)
Package: kvdefinekeys 2011/04/07 v1.3 Define keys (HO)
Package: pdftexcmds 2011/11/29 v0.20 Utility functions of pdfTeX for LuaTeX (HO
)
Package pdftexcmds Info: LuaTeX not detected.
Package pdftexcmds Info: \pdf@primitive is available.
Package pdftexcmds Info: \pdf@ifprimitive is available.
Package pdftexcmds Info: \pdfdraftmode found.
Package: pdfescape 2011/11/25 v1.13 Implements pdfTeX's escape features (HO)
Package: bigintcalc 2012/04/08 v1.3 Expandable calculations on big integers (HO
)
Package: bitset 2011/01/30 v1.1 Handle bit-vector datatype (HO)
Package: uniquecounter 2011/01/30 v1.2 Provide unlimited unique counter (HO)
)
Package hobsub Info: Skipping package `hobsub' (already loaded).
Package: letltxmacro 2010/09/02 v1.4 Let assignment for LaTeX macros (HO)
Package: hopatch 2012/05/28 v1.2 Wrapper for package hooks (HO)
Package: xcolor-patch 2011/01/30 xcolor patch
Package: atveryend 2011/06/30 v1.8 Hooks at the very end of document (HO)
Package atveryend Info: \enddocument detected (standard20110627).
Package: atbegshi 2011/10/05 v1.16 At begin shipout hook (HO)
Package: refcount 2011/10/16 v3.4 Data extraction from label references (HO)
Package: hycolor 2011/01/30 v1.7 Color options for hyperref/bookmark (HO)
)
(/usr/local/texlive/2015/texmf-dist/tex/generic/ifxetex/ifxetex.sty
Package: ifxetex 2010/09/12 v0.6 Provides ifxetex conditional
)
(/usr/local/texlive/2015/texmf-dist/tex/latex/oberdiek/auxhook.sty
Package: auxhook 2011/03/04 v1.3 Hooks for auxiliary files (HO)
)
(/usr/local/texlive/2015/texmf-dist/tex/latex/oberdiek/kvoptions.sty
Package: kvoptions 2011/06/30 v3.11 Key value format for package options (HO)
)
\@linkdim=\dimen105
\Hy@linkcounter=\count89
\Hy@pagecounter=\count90

(/usr/local/texlive/2015/texmf-dist/tex/latex/hyperref/pd1enc.def
File: pd1enc.def 2012/11/06 v6.83m Hyperref: PDFDocEncoding definition (HO)
)
\Hy@SavedSpaceFactor=\count91

(/usr/local/texlive/2015/texmf-dist/tex/latex/latexconfig/hyperref.cfg
File: hyperref.cfg 2002/06/06 v1.2 hyperref configuration of TeXLive
)
Package hyperref Info: Hyper figures OFF on input line 4443.
Package hyperref Info: Link nesting OFF on input line 4448.
Package hyperref Info: Hyper index ON on input line 4451.
Package hyperref Info: Plain pages OFF on input line 4458.
Package hyperref Info: Backreferencing OFF on input line 4463.
Package hyperref Info: Implicit mode ON; LaTeX internals redefined.
Package hyperref Info: Bookmarks ON on input line 4688.
\c@Hy@tempcnt=\count92

(/usr/local/texlive/2015/texmf-dist/tex/latex/url/url.sty
\Urlmuskip=\muskip10
Package: url 2013/09/16  ver 3.4  Verb mode for urls, etc.
)
LaTeX Info: Redefining \url on input line 5041.
\XeTeXLinkMargin=\dimen106
\Fld@menulength=\count93
\Field@Width=\dimen107
\Fld@charsize=\dimen108
Package hyperref Info: Hyper figures OFF on input line 6295.
Package hyperref Info: Link nesting OFF on input line 6300.
Package hyperref Info: Hyper index ON on input line 6303.
Package hyperref Info: backreferencing OFF on input line 6310.
Package hyperref Info: Link coloring OFF on input line 6315.
Package hyperref Info: Link coloring with OCG OFF on input line 6320.
Package hyperref Info: PDF/A mode OFF on input line 6325.
LaTeX Info: Redefining \ref on input line 6365.
LaTeX Info: Redefining \pageref on input line 6369.
\Hy@abspage=\count94
\c@Item=\count95
\c@Hfootnote=\count96
)

Package hyperref Message: Driver (autodetected): hpdftex.

(/usr/local/texlive/2015/texmf-dist/tex/latex/hyperref/hpdftex.def
File: hpdftex.def 2012/11/06 v6.83m Hyperref driver for pdfTeX
\Fld@listcount=\count97
\c@bookmark@seq@number=\count98

(/usr/local/texlive/2015/texmf-dist/tex/latex/oberdiek/rerunfilecheck.sty
Package: rerunfilecheck 2011/04/15 v1.7 Rerun checks for auxiliary files (HO)
Package uniquecounter Info: New unique counter `rerunfilecheck' on input line 2
82.
)
\Hy@SectionHShift=\skip43
)
(/usr/local/texlive/2015/texmf-dist/tex/latex/oberdiek/pdflscape.sty
Package: pdflscape 2008/08/11 v0.10 Display of landscape pages in PDF (HO)

(/usr/local/texlive/2015/texmf-dist/tex/latex/graphics/lscape.sty
Package: lscape 2000/10/22 v3.01 Landscape Pages (DPC)
)
Package pdflscape Info: Auto-detected driver: pdftex on input line 80.
)
(/usr/local/texlive/2015/texmf-dist/tex/latex/tools/multicol.sty
Package: multicol 2015/03/31 v1.8m multicolumn formatting (FMi)
\c@tracingmulticols=\count99
\mult@box=\box26
\multicol@leftmargin=\dimen109
\c@unbalance=\count100
\c@collectmore=\count101
\doublecol@number=\count102
\multicoltolerance=\count103
\multicolpretolerance=\count104
\full@width=\dimen110
\page@free=\dimen111
\premulticols=\dimen112
\postmulticols=\dimen113
\multicolsep=\skip44
\multicolbaselineskip=\skip45
\partial@page=\box27
\last@line=\box28
\maxbalancingoverflow=\dimen114
\mult@rightbox=\box29
\mult@grightbox=\box30
\mult@gfirstbox=\box31
\mult@firstbox=\box32
\@tempa=\box33
\@tempa=\box34
\@tempa=\box35
\@tempa=\box36
\@tempa=\box37
\@tempa=\box38
\@tempa=\box39
\@tempa=\box40
\@tempa=\box41
\@tempa=\box42
\@tempa=\box43
\@tempa=\box44
\@tempa=\box45
\@tempa=\box46
\@tempa=\box47
\@tempa=\box48
\@tempa=\box49
\c@columnbadness=\count105
\c@finalcolumnbadness=\count106
\last@try=\dimen115
\multicolovershoot=\dimen116
\multicolundershoot=\dimen117
\mult@nat@firstbox=\box50
\colbreak@box=\box51
\mc@col@check@num=\count107
)
(/usr/local/texlive/2015/texmf-dist/tex/latex/listings/listings.sty
\lst@mode=\count108
\lst@gtempboxa=\box52
\lst@token=\toks15
\lst@length=\count109
\lst@currlwidth=\dimen118
\lst@column=\count110
\lst@pos=\count111
\lst@lostspace=\dimen119
\lst@width=\dimen120
\lst@newlines=\count112
\lst@lineno=\count113
\lst@maxwidth=\dimen121

(/usr/local/texlive/2015/texmf-dist/tex/latex/listings/lstmisc.sty
File: lstmisc.sty 2014/09/06 1.5e (Carsten Heinz)
\c@lstnumber=\count114
\lst@skipnumbers=\count115
\lst@framebox=\box53
)
(/usr/local/texlive/2015/texmf-dist/tex/latex/listings/listings.cfg
File: listings.cfg 2014/09/06 1.5e listings configuration
))
Package: listings 2014/09/06 1.5e (Carsten Heinz)

(/usr/local/texlive/2015/texmf-dist/tex/latex/tools/calc.sty
Package: calc 2014/10/28 v4.3 Infix arithmetic (KKT,FJ)
\calc@Acount=\count116
\calc@Bcount=\count117
\calc@Adimen=\dimen122
\calc@Bdimen=\dimen123
\calc@Askip=\skip46
\calc@Bskip=\skip47
LaTeX Info: Redefining \setlength on input line 80.
LaTeX Info: Redefining \addtolength on input line 81.
\calc@Ccount=\count118
\calc@Cskip=\skip48
))
(./Dissertation.aux

LaTeX Warning: Label `my-label' multiply defined.


LaTeX Warning: Label `fig:all' multiply defined.


LaTeX Warning: Label `fig:all' multiply defined.


LaTeX Warning: Label `fig:all' multiply defined.


LaTeX Warning: Label `my-label' multiply defined.


LaTeX Warning: Label `my-label' multiply defined.


LaTeX Warning: Label `my-label' multiply defined.


LaTeX Warning: Label `my-label' multiply defined.


LaTeX Warning: Label `my-label' multiply defined.


LaTeX Warning: Label `my-label' multiply defined.


LaTeX Warning: Label `my-label' multiply defined.


LaTeX Warning: Label `my-label' multiply defined.

)
\openout1 = `Dissertation.aux'.

LaTeX Font Info:    Checking defaults for OML/cmm/m/it on input line 16.
LaTeX Font Info:    ... okay on input line 16.
LaTeX Font Info:    Checking defaults for T1/cmr/m/n on input line 16.
LaTeX Font Info:    ... okay on input line 16.
LaTeX Font Info:    Checking defaults for OT1/cmr/m/n on input line 16.
LaTeX Font Info:    ... okay on input line 16.
LaTeX Font Info:    Checking defaults for OMS/cmsy/m/n on input line 16.
LaTeX Font Info:    ... okay on input line 16.
LaTeX Font Info:    Checking defaults for OMX/cmex/m/n on input line 16.
LaTeX Font Info:    ... okay on input line 16.
LaTeX Font Info:    Checking defaults for U/cmr/m/n on input line 16.
LaTeX Font Info:    ... okay on input line 16.
LaTeX Font Info:    Checking defaults for PD1/pdf/m/n on input line 16.
LaTeX Font Info:    ... okay on input line 16.
 (/usr/local/texlive/2015/texmf-dist/tex/context/base/supp-pdf.mkii
[Loading MPS to PDF converter (version 2006.09.02).]
\scratchcounter=\count119
\scratchdimen=\dimen124
\scratchbox=\box54
\nofMPsegments=\count120
\nofMParguments=\count121
\everyMPshowfont=\toks16
\MPscratchCnt=\count122
\MPscratchDim=\dimen125
\MPnumerator=\count123
\makeMPintoPDFobject=\count124
\everyMPtoPDFconversion=\toks17
) (/usr/local/texlive/2015/texmf-dist/tex/latex/oberdiek/epstopdf-base.sty
Package: epstopdf-base 2010/02/09 v2.5 Base part for package epstopdf

(/usr/local/texlive/2015/texmf-dist/tex/latex/oberdiek/grfext.sty
Package: grfext 2010/08/19 v1.1 Manage graphics extensions (HO)
)
Package grfext Info: Graphics extension search list:
(grfext)             [.png,.pdf,.jpg,.mps,.jpeg,.jbig2,.jb2,.PNG,.PDF,.JPG,.JPE
G,.JBIG2,.JB2,.eps]
(grfext)             \AppendGraphicsExtensions on input line 452.

(/usr/local/texlive/2015/texmf-dist/tex/latex/latexconfig/epstopdf-sys.cfg
File: epstopdf-sys.cfg 2010/07/13 v1.3 Configuration of (r)epstopdf for TeX Liv
e
))
\AtBeginShipoutBox=\box55
Package hyperref Info: Link coloring OFF on input line 16.

(/usr/local/texlive/2015/texmf-dist/tex/latex/hyperref/nameref.sty
Package: nameref 2012/10/27 v2.43 Cross-referencing by name of section

(/usr/local/texlive/2015/texmf-dist/tex/generic/oberdiek/gettitlestring.sty
Package: gettitlestring 2010/12/03 v1.4 Cleanup title references (HO)
)
\c@section@level=\count125
)
LaTeX Info: Redefining \ref on input line 16.
LaTeX Info: Redefining \pageref on input line 16.
LaTeX Info: Redefining \nameref on input line 16.

(./Dissertation.out) (./Dissertation.out)
\@outlinefile=\write3
\openout3 = `Dissertation.out'.

Package hyperref Info: *** compatibility with harvard ****  on input line 16.
\c@lstlisting=\count126

(/usr/local/texlive/2015/texmf-dist/tex/latex/listings/lstlang1.sty
File: lstlang1.sty 2014/09/06 1.5e listings language file
)
LaTeX Font Info:    External font `cmex10' loaded for size
(Font)              <12> on input line 28.
LaTeX Font Info:    External font `cmex10' loaded for size
(Font)              <8> on input line 28.
LaTeX Font Info:    External font `cmex10' loaded for size
(Font)              <6> on input line 28.
 [1



{/usr/local/texlive/2015/texmf-var/fonts/map/pdftex/updmap/pdftex.map}]
LaTeX Font Info:    External font `cmex10' loaded for size
(Font)              <10.95> on input line 32.
pdfTeX warning (ext4): destination with the same identifier (name{page.i}) has 
been already used, duplicate ignored
<to be read again> 
                   \relax 
l.33 \newpage
              [1]
Underfull \hbox (badness 10000) in paragraph at lines 36--37

 []

[2]pdfTeX warning (ext4): destination with the same identifier (name{page.i}) h
as been already used, duplicate ignored
<to be read again> 
                   \relax 
l.44 \newpage
              [1] (./Dissertation.toc
Missing character: There is no ’ in font cmr10!
Missing character: There is no ’ in font cmr10!
Missing character: There is no ’ in font cmr10!
Missing character: There is no ’ in font cmr10!
pdfTeX warning (ext4): destination with the same identifier (name{page.ii}) has
 been already used, duplicate ignored
<to be read again> 
                   \relax 
l.28 ...5} Measurable goals}{20}{subsection.4.2.5}
                                                   [2

] [3])
\tf@toc=\write4
\openout4 = `Dissertation.toc'.

 [4]
(./Dissertation.lof
Runaway argument?
{\numberline {2.1}{\ignorespaces iOS Architecture \let \reserved@d =*\ETC.
! Paragraph ended before \contentsline was complete.
<to be read again> 
                   \par 
l.3 ...S Architecture \let \reserved@d =*\def \par
                                                   }}{8}{figure.2.1}
? s
OK, entering \scrollmode...
! Extra }, or forgotten \endgroup.
l.3 ...Architecture \let \reserved@d =*\def \par }
                                                  }{8}{figure.2.1}
I've deleted a group-closing symbol because it seems to be
spurious, as in `$x}$'. But perhaps the } is legitimate and
you forgot something else, as in `\hbox{$x}'. In such cases
the way to recover is to insert both the forgotten and the
deleted material, e.g., by typing `I$}'.

! Extra }, or forgotten \endgroup.
l.3 ...rchitecture \let \reserved@d =*\def \par }}
                                                  {8}{figure.2.1}
I've deleted a group-closing symbol because it seems to be
spurious, as in `$x}$'. But perhaps the } is legitimate and
you forgot something else, as in `\hbox{$x}'. In such cases
the way to recover is to insert both the forgotten and the
deleted material, e.g., by typing `I$}'.


! LaTeX Error: Something's wrong--perhaps a missing \item.

See the LaTeX manual or LaTeX Companion for explanation.
Type  H <return>  for immediate help.
 ...                                              
                                                  
l.4 \addvspace {10\p@ }
                       
Try typing  <return>  to proceed.
If that doesn't work, type  X <return>  to quit.

[5

])
\tf@lof=\write5
\openout5 = `Dissertation.lof'.

 [6] (./Dissertation.lot)
\tf@lot=\write6
\openout6 = `Dissertation.lot'.

 [7

] (./Dissertation.lol
! Missing $ inserted.
<inserted text> 
                $
l.6 ....6}PHP DB_Connect File}{53}{lstlisting.6.6}
                                                  
I've inserted a begin-math/end-math symbol since I think
you left one out. Proceed, with fingers crossed.

! Extra }, or forgotten $.
<argument> ...numberline {6.6}PHP DB_Connect File}
                                                  \hyper@linkend 
l.6 ....6}PHP DB_Connect File}{53}{lstlisting.6.6}
                                                  
I've deleted a group-closing symbol because it seems to be
spurious, as in `$x}$'. But perhaps the } is legitimate and
you forgot something else, as in `\hbox{$x}'. In such cases
the way to recover is to insert both the forgotten and the
deleted material, e.g., by typing `I$}'.

! Missing $ inserted.
<inserted text> 
                $
l.6 ....6}PHP DB_Connect File}{53}{lstlisting.6.6}
                                                  
I've inserted something that you may have forgotten.
(See the <inserted text> above.)
With luck, this will get me unwedged. But if you
really didn't forget anything, try typing `2' now; then
my insertion and my current dilemma will both disappear.

! Missing } inserted.
<inserted text> 
                }
l.6 ....6}PHP DB_Connect File}{53}{lstlisting.6.6}
                                                  
I've inserted something that you may have forgotten.
(See the <inserted text> above.)
With luck, this will get me unwedged. But if you
really didn't forget anything, try typing `2' now; then
my insertion and my current dilemma will both disappear.

)
\tf@lol=\write7
\openout7 = `Dissertation.lol'.

 [8

] [9

]
Chapter 1.
Missing character: There is no “ in font cmr10!
Missing character: There is no ” in font cmr10!
Missing character: There is no ’ in font cmbx12!
Missing character: There is no ’ in font cmr10!
[1

]
Missing character: There is no ’ in font cmr10!
Missing character: There is no ’ in font cmr10!
Missing character: There is no ’ in font cmr10!
Missing character: There is no ’ in font cmbx12!
Missing character: There is no ’ in font cmbx12!
Missing character: There is no “ in font cmr10!
Missing character: There is no ” in font cmr10!
Missing character: There is no ’ in font cmr10!
Missing character: There is no ’ in font cmr10!
Missing character: There is no ’ in font cmr10!
Missing character: There is no ’ in font cmr10!
Missing character: There is no ’ in font cmr10!
Missing character: There is no ’ in font cmr10!

Underfull \hbox (badness 10000) in paragraph at lines 79--98

 []


Underfull \hbox (badness 10000) in paragraph at lines 79--98

 []


Underfull \hbox (badness 10000) in paragraph at lines 79--98

 []


Underfull \hbox (badness 10000) in paragraph at lines 79--98

 []

[2]
! Extra alignment tab has been changed to \cr.
<recently read> \endtemplate 
                             
l.106 ...uler&Users can check class information, &
                                                  &such as class time and lo...
You have given more \span or & marks than there were
in the preamble to the \halign or \valign now in progress.
So I'll assume that you meant to type \cr instead.

! Extra alignment tab has been changed to \cr.
<recently read> \endtemplate 
                             
l.106 ...ion, &&such as class time and location. &
                                                  &Or, users can add persona...
You have given more \span or & marks than there were
in the preamble to the \halign or \valign now in progress.
So I'll assume that you meant to type \cr instead.

! Extra alignment tab has been changed to \cr.
<recently read> \endtemplate 
                             
l.108 ...name Ument stands for University Moment.&
                                                  &This is the social media ...
You have given more \span or & marks than there were
in the preamble to the \halign or \valign now in progress.
So I'll assume that you meant to type \cr instead.

! Extra alignment tab has been changed to \cr.
<recently read> \endtemplate 
                             
l.108 ...ent.&&This is the social media feature. &
                                                  &Users can share any infor...
You have given more \span or & marks than there were
in the preamble to the \halign or \valign now in progress.
So I'll assume that you meant to type \cr instead.

! Extra alignment tab has been changed to \cr.
<recently read> \endtemplate 
                             
l.108 ...e any information and pictures on here. &
                                                  &It is like a mini Faceboo...
You have given more \span or & marks than there were
in the preamble to the \halign or \valign now in progress.
So I'll assume that you meant to type \cr instead.

! Extra alignment tab has been changed to \cr.
<recently read> \endtemplate 
                             
l.110 ...e messaging feature on the application. &
                                                  &Users can use this to con...
You have given more \span or & marks than there were
in the preamble to the \halign or \valign now in progress.
So I'll assume that you meant to type \cr instead.

! Extra alignment tab has been changed to \cr.
<recently read> \endtemplate 
                             
l.112 ...& This is personal information setting. &
                                                  &Users can set their pictu...
You have given more \span or & marks than there were
in the preamble to the \halign or \valign now in progress.
So I'll assume that you meant to type \cr instead.

! Extra alignment tab has been changed to \cr.
<recently read> \endtemplate 
                             
l.112 ...&&Users can set their picture and name. &
                                                  &Or users can check what c...
You have given more \span or & marks than there were
in the preamble to the \halign or \valign now in progress.
So I'll assume that you meant to type \cr instead.

[3] [4]
Chapter 2.
Missing character: There is no ’ in font cmbx12!
Missing character: There is no ’ in font cmr10!
Missing character: There is no ’ in font cmr10!
Missing character: There is no ’ in font cmr10!
Missing character: There is no ’ in font cmr10!
Missing character: There is no ’ in font cmr10!
Missing character: There is no ’ in font cmr10!
Missing character: There is no ’ in font cmr10!

Underfull \hbox (badness 10000) in paragraph at lines 125--145

 []


Underfull \hbox (badness 10000) in paragraph at lines 125--145

 []

[5

] [6]
! Misplaced alignment tab character &.
l.147 PSiOS: Bring Your Own Privacy &
                                      Security to iOS Devices
I can't figure out why you would want to use a tab mark
here. If you just want an ampersand, the remedy is
simple: Just type `I\&' now. But if some right brace
up above has ended a previous alignment prematurely,
you're probably due for more error messages, and you
might try typing `S' now just to see what is salvageable.

Missing character: There is no ’ in font cmr10!
<images/ios_software-architecture.png, id=567, 999.735pt x 692.5875pt>
File: images/ios_software-architecture.png Graphic file (type png)

<use images/ios_software-architecture.png>
Package pdftex.def Info: images/ios_software-architecture.png used on input lin
e 154.
(pdftex.def)             Requested size: 344.90681pt x 238.94293pt.

! Argument of \Hy@tempa has an extra }.
<inserted text> 
                \par 
l.156 ...iOS Architecture \cite{Werthmann:2013aa}}
                                                  
I've run across a `}' that doesn't seem to match anything.
For example, `\def\a#1{...}' and `\a}' would produce
this error. If you simply proceed now, the `\par' that
I've just inserted will cause me to report a runaway
argument that might be the root of the problem. But if
your `}' was spurious, just type `2' and it will go away.

Runaway argument?
\@captype {\@firstoftwo {\@ifstar {\HAR@acite }{\HAR@fcite }}}\def \reserved@b 
\ETC.
! Paragraph ended before \Hy@tempa was complete.
<to be read again> 
                   \par 
l.156 ...iOS Architecture \cite{Werthmann:2013aa}}
                                                  
I suspect you've forgotten a `}', causing me to apply this
control sequence to too much text. How can we recover?
My plan is to forget the whole thing and hope for the best.

[7] [8 <./images/ios_software-architecture.png>] [9]
Chapter 3.
! Extra alignment tab has been changed to \cr.
<recently read> \endtemplate 
                             
l.176 General GUI Design&Setting General Color. &
                                                 &Such as background color.(...
You have given more \span or & marks than there were
in the preamble to the \halign or \valign now in progress.
So I'll assume that you meant to type \cr instead.

! Extra alignment tab has been changed to \cr.
<recently read> \endtemplate 
                             
l.184 ...rmation Page&Implement Class Information&
                                                  & page (Xcode Swift)\\
You have given more \span or & marks than there were
in the preamble to the \halign or \valign now in progress.
So I'll assume that you meant to type \cr instead.

! Extra alignment tab has been changed to \cr.
<recently read> \endtemplate 
                             
l.190 Personal Information Page&Implement &
                                           &Personal information page (Xcode...
You have given more \span or & marks than there were
in the preamble to the \halign or \valign now in progress.
So I'll assume that you meant to type \cr instead.

! Extra alignment tab has been changed to \cr.
<recently read> \endtemplate 
                             
l.194 ...mpressor&Implement compresspictures size&
                                                  &(such as Ument’s picture ...
You have given more \span or & marks than there were
in the preamble to the \halign or \valign now in progress.
So I'll assume that you meant to type \cr instead.

Missing character: There is no ’ in font cmr10!
! Extra alignment tab has been changed to \cr.
<recently read> \endtemplate 
                             
l.194 ...s Ument’s picture and personal picture) &
                                                  &to server.\\
You have given more \span or & marks than there were
in the preamble to the \halign or \valign now in progress.
So I'll assume that you meant to type \cr instead.

! Extra alignment tab has been changed to \cr.
<recently read> \endtemplate 
                             
l.196 Message connection &&
                           (Send and Receive connection)&Implement message &...
You have given more \span or & marks than there were
in the preamble to the \halign or \valign now in progress.
So I'll assume that you meant to type \cr instead.

! Extra alignment tab has been changed to \cr.
<recently read> \endtemplate 
                             
l.196 ...d Receive connection)&Implement message &
                                                  &connection each users. (X...
You have given more \span or & marks than there were
in the preamble to the \halign or \valign now in progress.
So I'll assume that you meant to type \cr instead.

Missing character: There is no “ in font cmr10!
Missing character: There is no ” in font cmr10!
Missing character: There is no ’ in font cmr10!
Missing character: There is no ’ in font cmr10!
Missing character: There is no ’ in font cmr10!
Missing character: There is no ’ in font cmr10!
[10

] [11]
Missing character: There is no ’ in font cmr10!
 <images/timeline.png, id=590, 1206.5075pt x 903.375pt>
File: images/timeline.png Graphic file (type png)

<use images/timeline.png>
Package pdftex.def Info: images/timeline.png used on input line 233.
(pdftex.def)             Requested size: 431.13188pt x 322.80249pt.


LaTeX Warning: `h' float specifier changed to `ht'.

[12] [13 <./images/timeline.png>]
Chapter 4.
Missing character: There is no ’ in font cmr10!
Missing character: There is no ’ in font cmr10!
Missing character: There is no ’ in font cmr10!
Missing character: There is no ’ in font cmr10!
[14

]
Missing character: There is no ’ in font cmr10!
Missing character: There is no ’ in font cmr10!
Missing character: There is no ’ in font cmr10!
 <images/interview.png, id=604, 1357.07pt x 1078.0275pt>
File: images/interview.png Graphic file (type png)

<use images/interview.png>
Package pdftex.def Info: images/interview.png used on input line 268.
(pdftex.def)             Requested size: 431.13188pt x 342.47554pt.
 [15]
Overfull \hbox (91.9987pt too wide) in paragraph at lines 274--276
[]$\OT1/cmtt/m/n/10.95 https : / / docs . google . com / forms / d / e / 1FAIpQ
LSeeezjFtkiRMwKkLVWpgxqcYHGNnT7rI0LpqiyEPXWACKP5tQ /
 []


Underfull \hbox (badness 10000) in paragraph at lines 277--284

 []

[16 <./images/interview.png>]
Missing character: There is no ’ in font cmr10!
Missing character: There is no ’ in font cmr10!
Missing character: There is no ‘ in font cmr10!
Missing character: There is no ’ in font cmr10!
Missing character: There is no ‘ in font cmr10!
Missing character: There is no ’ in font cmr10!
Missing character: There is no ‘ in font cmr10!
Missing character: There is no ’ in font cmr10!
Missing character: There is no ’ in font cmr10!

Underfull \hbox (badness 10000) in paragraph at lines 288--303

 []

Missing character: There is no ’ in font cmr10!
[17]
Missing character: There is no ’ in font cmr10!

Underfull \hbox (badness 10000) in paragraph at lines 312--316

 []

Missing character: There is no ’ in font cmr10!
Missing character: There is no ’ in font cmr10!
Missing character: There is no ’ in font cmr10!
[18]
Missing character: There is no ’ in font cmr10!
Missing character: There is no ’ in font cmr10!
Missing character: There is no ’ in font cmr10!
Missing character: There is no ’ in font cmr10!
 [19]
Missing character: There is no ’ in font cmr10!
Missing character: There is no ’ in font cmr10!
Missing character: There is no ’ in font cmr10!
Missing character: There is no ’ in font cmr10!
Missing character: There is no ’ in font cmr10!


! LaTeX Error: \begin{document} ended by \end{section}.

See the LaTeX manual or LaTeX Companion for explanation.
Type  H <return>  for immediate help.
 ...                                              
                                                  
l.334 \end{section}
                   
Your command was ignored.
Type  I <command> <return>  to replace it with another command,
or  <return>  to continue without it.

! Extra \endgroup.
<recently read> \endgroup 
                          
l.334 \end{section}
                   
Things are pretty mixed up, but I think the worst is over.

<images/cusecase.png, id=635, 489.83pt x 562.1pt>
File: images/cusecase.png Graphic file (type png)
 <use images/cusecase.png>
Package pdftex.def Info: images/cusecase.png used on input line 342.
(pdftex.def)             Requested size: 172.45012pt x 197.88725pt.
Missing character: There is no ’ in font cmr10!
Missing character: There is no “ in font cmr10!
Missing character: There is no ” in font cmr10!
Missing character: There is no ’ in font cmr10!
Missing character: There is no ’ in font cmr10!
Missing character: There is no ’ in font cmr10!

Underfull \hbox (badness 10000) in paragraph at lines 348--355

 []

[20]
Underfull \hbox (badness 10000) in paragraph at lines 356--363

 []

[21 <./images/cusecase.png>]
Missing character: There is no ’ in font cmr10!
Missing character: There is no ’ in font cmr10!

Underfull \hbox (badness 10000) in paragraph at lines 364--370

 []

Missing character: There is no ’ in font cmr10!
Missing character: There is no ’ in font cmr10!

Underfull \hbox (badness 10000) in paragraph at lines 371--378

 []

<images/uusecase.png, id=648, 510.90875pt x 377.41pt>
File: images/uusecase.png Graphic file (type png)

<use images/uusecase.png>
Package pdftex.def Info: images/uusecase.png used on input line 382.
(pdftex.def)             Requested size: 172.45012pt x 127.38477pt.
Missing character: There is no ’ in font cmr10!
Missing character: There is no ’ in font cmr10!
Missing character: There is no ’ in font cmr10!
 [22]
Underfull \hbox (badness 10000) in paragraph at lines 396--403

 []


Underfull \hbox (badness 10000) in paragraph at lines 404--411

 []

[23 <./images/uusecase.png>]
<images/ccusecase.png, id=663, 525.965pt x 377.41pt>
File: images/ccusecase.png Graphic file (type png)

<use images/ccusecase.png>
Package pdftex.def Info: images/ccusecase.png used on input line 415.
(pdftex.def)             Requested size: 172.45012pt x 123.74521pt.

Underfull \hbox (badness 10000) in paragraph at lines 421--428

 []


Underfull \hbox (badness 10000) in paragraph at lines 430--437

 []

[24 <./images/ccusecase.png>]
<images/susecase.png, id=670, 525.965pt x 377.41pt>
File: images/susecase.png Graphic file (type png)
 <use images/susecase.png>
Package pdftex.def Info: images/susecase.png used on input line 451.
(pdftex.def)             Requested size: 172.45012pt x 123.74521pt.

Underfull \hbox (badness 10000) in paragraph at lines 457--464

 []

[25 <./images/susecase.png>]
Underfull \hbox (badness 10000) in paragraph at lines 467--474

 []


Underfull \hbox (badness 10000) in paragraph at lines 476--483

 []

Missing character: There is no ’ in font cmr10!
Missing character: There is no ’ in font cmr10!
[26]
Missing character: There is no ’ in font cmr10!
Missing character: There is no ’ in font cmr10!

Underfull \hbox (badness 10000) in paragraph at lines 497--499

 []


Underfull \hbox (badness 10000) in paragraph at lines 500--502

 []


Underfull \hbox (badness 10000) in paragraph at lines 503--505

 []

[27]
Missing character: There is no ’ in font cmr10!
Missing character: There is no ’ in font cmr10!
Missing character: There is no ’ in font cmr10!
Missing character: There is no ’ in font cmr10!
Missing character: There is no ’ in font cmr10!
 [28] <images/Schlduler.png, id=696, 464.73625pt x 916.42375pt>
File: images/Schlduler.png Graphic file (type png)

<use images/Schlduler.png>
Package pdftex.def Info: images/Schlduler.png used on input line 533.
(pdftex.def)             Requested size: 172.45012pt x 340.05032pt.

<images/Ument1.png, id=697, 464.73625pt x 916.42375pt>
File: images/Ument1.png Graphic file (type png)
 <use images/Ument1.png>
Package pdftex.def Info: images/Ument1.png used on input line 539.
(pdftex.def)             Requested size: 172.45012pt x 340.05032pt.


LaTeX Warning: `h' float specifier changed to `ht'.

<images/Message.png, id=698, 464.73625pt x 916.42375pt>
File: images/Message.png Graphic file (type png)

<use images/Message.png>
Package pdftex.def Info: images/Message.png used on input line 546.
(pdftex.def)             Requested size: 172.45012pt x 340.05032pt.


LaTeX Warning: `h' float specifier changed to `ht'.

<images/Personal.png, id=699, 464.73625pt x 916.42375pt>
File: images/Personal.png Graphic file (type png)

<use images/Personal.png>
Package pdftex.def Info: images/Personal.png used on input line 553.
(pdftex.def)             Requested size: 172.45012pt x 340.05032pt.


LaTeX Warning: `h' float specifier changed to `ht'.

[29 <./images/Schlduler.png>] [30 <./images/Ument1.png>] [31 <./images/Message.
png>] [32 <./images/Personal.png>]
Chapter 5.
Missing character: There is no ’ in font cmr10!
<images/All.png, id=721, 668.4975pt x 648.4225pt>
File: images/All.png Graphic file (type png)
 <use images/All.png>
Package pdftex.def Info: images/All.png used on input line 567.
(pdftex.def)             Requested size: 301.791pt x 292.73726pt.
Missing character: There is no ’ in font cmr10!
Missing character: There is no ’ in font cmr10!

<images/Login.png, id=722, 915.42pt x 511.9125pt>
File: images/Login.png Graphic file (type png)
 <use images/Login.png>
Package pdftex.def Info: images/Login.png used on input line 576.
(pdftex.def)             Requested size: 301.791pt x 168.7598pt.
Missing character: There is no ’ in font cmr10!
Missing character: There is no ’ in font cmr10!
Missing character: There is no ’ in font cmr10!
Missing character: There is no ’ in font cmr10!
Missing character: There is no ’ in font cmr10!
Missing character: There is no ’ in font cmr10!

[33

] [34 <./images/All.png>]
<images/TimeTable.png, id=733, 875.27pt x 618.31pt>
File: images/TimeTable.png Graphic file (type png)
 <use images/TimeTable.png>
Package pdftex.def Info: images/TimeTable.png used on input line 587.
(pdftex.def)             Requested size: 301.791pt x 213.19452pt.
Missing character: There is no ’ in font cmr10!
Missing character: There is no ’ in font cmr10!
Missing character: There is no ’ in font cmr10!
Missing character: There is no ’ in font cmr10!
Missing character: There is no ’ in font cmr10!
Missing character: There is no ’ in font cmr10!
Missing character: There is no ’ in font cmr10!
Missing character: There is no ’ in font cmr10!
Missing character: There is no ’ in font cmr10!
Missing character: There is no ’ in font cmr10!
Missing character: There is no ’ in font cmr10!
Missing character: There is no ’ in font cmr10!
Missing character: There is no ’ in font cmr10!
Missing character: There is no ’ in font cmr10!

[35 <./images/Login.png>]
Missing character: There is no ’ in font cmr10!
Missing character: There is no ’ in font cmr10!
Missing character: There is no ’ in font cmr10!
Missing character: There is no ’ in font cmr10!
Missing character: There is no ’ in font cmr10!

<images/Ument.png, id=740, 619.31375pt x 482.80376pt>
File: images/Ument.png Graphic file (type png)
 <use images/Ument.png>
Package pdftex.def Info: images/Ument.png used on input line 602.
(pdftex.def)             Requested size: 301.791pt x 235.27933pt.
Missing character: There is no ’ in font cmr10!
Missing character: There is no ’ in font cmr10!
Missing character: There is no ’ in font cmr10!
Missing character: There is no ’ in font cmr10!
Missing character: There is no ’ in font cmr10!
Missing character: There is no ’ in font cmr10!

[36 <./images/TimeTable.png>]
<images/Chat.png, id=748, 744.7825pt x 556.0775pt>
File: images/Chat.png Graphic file (type png)
 <use images/Chat.png>
Package pdftex.def Info: images/Chat.png used on input line 611.
(pdftex.def)             Requested size: 301.791pt x 225.32895pt.
Missing character: There is no ’ in font cmr10!
Missing character: There is no ’ in font cmr10!

<images/Me.png, id=749, 833.1125pt x 622.325pt>
File: images/Me.png Graphic file (type png)
 <use images/Me.png>
Package pdftex.def Info: images/Me.png used on input line 620.
(pdftex.def)             Requested size: 301.791pt x 225.43272pt.
 [37 <./images/Ument.png>]
Missing character: There is no ’ in font cmr10!
Missing character: There is no ’ in font cmr10!
Missing character: There is no ’ in font cmr10!
Missing character: There is no ’ in font cmr10!
Missing character: There is no ’ in font cmr10!
Missing character: There is no ’ in font cmr10!
Missing character: There is no ’ in font cmr10!
Missing character: There is no ’ in font cmr10!
 <images/MVC.png, id=757, 476.78125pt x 297.11pt>
File: images/MVC.png Graphic file (type png)

<use images/MVC.png>
Package pdftex.def Info: images/MVC.png used on input line 629.
(pdftex.def)             Requested size: 301.791pt x 188.07338pt.
Missing character: There is no ’ in font cmr10!
Missing character: There is no ’ in font cmr10!
Missing character: There is no ’ in font cmr10!
Missing character: There is no ’ in font cmr10!
 [38 <./images/Chat.png>]
Missing character: There is no “ in font cmr10!
Missing character: There is no ” in font cmr10!
Missing character: There is no ’ in font cmr10!
Missing character: There is no “ in font cmr10!
Missing character: There is no ” in font cmr10!
Missing character: There is no ’ in font cmr10!
Missing character: There is no ’ in font cmr10!
Missing character: There is no ’ in font cmr10!
Missing character: There is no ’ in font cmr10!
Missing character: There is no ’ in font cmr10!
Missing character: There is no ’ in font cmr10!
Missing character: There is no ’ in font cmr10!

<images/loginc.png, id=764, 956.57375pt x 784.9325pt>
File: images/loginc.png Graphic file (type png)
 <use images/loginc.png>
Package pdftex.def Info: images/loginc.png used on input line 646.
(pdftex.def)             Requested size: 431.13188pt x 353.7673pt.

[39 <./images/Me.png>]
Missing character: There is no ’ in font cmr10!
Missing character: There is no ’ in font cmr10!
Missing character: There is no ’ in font cmr10!
Missing character: There is no ’ in font cmr10!
Missing character: There is no ’ in font cmr10!
Missing character: There is no ’ in font cmr10!
Missing character: There is no ’ in font cmr10!
Missing character: There is no ’ in font cmr10!
Missing character: There is no ’ in font cmr10!
Missing character: There is no ’ in font cmr10!
Missing character: There is no ’ in font cmr10!
Missing character: There is no ’ in font cmr10!
Missing character: There is no ’ in font cmr10!
Missing character: There is no ’ in font cmr10!
Missing character: There is no ’ in font cmr10!
Missing character: There is no ’ in font cmr10!
Missing character: There is no ’ in font cmr10!

Overfull \hbox (1.99188pt too wide) in paragraph at lines 676--687
\OT1/cmr/m/n/10.95 Timetable keeps uses boolean value that user added timetable
. If user al-ready add timetable,
 []

[40 <./images/MVC.png>]
Missing character: There is no ’ in font cmr10!
Missing character: There is no ’ in font cmr10!
Missing character: There is no ’ in font cmr10!
Missing character: There is no ’ in font cmr10!
Missing character: There is no ’ in font cmr10!
Missing character: There is no ’ in font cmr10!
Missing character: There is no ’ in font cmr10!

Underfull \hbox (badness 10000) in paragraph at lines 707--712

 []

[41 <./images/loginc.png>]
Missing character: There is no ’ in font cmr10!
Missing character: There is no ’ in font cmr10!
Missing character: There is no ’ in font cmr10!

Underfull \hbox (badness 10000) in paragraph at lines 731--735

 []

[42]
Missing character: There is no ’ in font cmr10!
Missing character: There is no ’ in font cmr10!
Missing character: There is no ’ in font cmr10!
Missing character: There is no ’ in font cmr10!
Missing character: There is no ’ in font cmr10!
Missing character: There is no ’ in font cmr10!

Underfull \hbox (badness 10000) in paragraph at lines 756--761

 []

Missing character: There is no ’ in font cmr10!
Missing character: There is no ’ in font cmr10!
Missing character: There is no ’ in font cmr10!
Missing character: There is no ’ in font cmr10!

Underfull \hbox (badness 10000) in paragraph at lines 782--788

 []

[43]
Missing character: There is no ’ in font cmr10!
Missing character: There is no ’ in font cmr10!
Missing character: There is no ’ in font cmr10!
Missing character: There is no ’ in font cmr10!
Missing character: There is no ’ in font cmr10!

Underfull \hbox (badness 10000) in paragraph at lines 808--813

 []

Missing character: There is no ’ in font cmr10!
Missing character: There is no ’ in font cmr10!

Underfull \hbox (badness 10000) in paragraph at lines 837--846

 []

[44] <images/StoryBoradDesign.png, id=800, 776.9025pt x 680.5425pt>
File: images/StoryBoradDesign.png Graphic file (type png)

<use images/StoryBoradDesign.png>
Package pdftex.def Info: images/StoryBoradDesign.png used on input line 850.
(pdftex.def)             Requested size: 431.13188pt x 377.66402pt.
Missing character: There is no ’ in font cmr10!
Missing character: There is no ’ in font cmr10!
 [45 <./images/StoryBoradDesign.png>] [46]
Chapter 6.
Missing character: There is no ’ in font cmr10!
Missing character: There is no ’ in font cmr10!
Missing character: There is no ’ in font cmr10!
Package hyperref Info: bookmark level for unknown lstlisting defaults to 0 on i
nput line 866.
LaTeX Font Info:    External font `cmex10' loaded for size
(Font)              <7> on input line 868.
LaTeX Font Info:    External font `cmex10' loaded for size
(Font)              <5> on input line 868.
<images/server_runing.png, id=810, 1616.0375pt x 291.0875pt>
File: images/server_runing.png Graphic file (type png)

<use images/server_runing.png>
Package pdftex.def Info: images/server_runing.png used on input line 877.
(pdftex.def)             Requested size: 431.13188pt x 77.65305pt.

<images/php_mysql.png, id=811, 1144.275pt x 234.8775pt>
File: images/php_mysql.png Graphic file (type png)

<use images/php_mysql.png>
Package pdftex.def Info: images/php_mysql.png used on input line 883.
(pdftex.def)             Requested size: 431.13188pt x 88.49457pt.
 [47

]
LaTeX Font Info:    Try loading font information for OMS+cmr on input line 890.


(/usr/local/texlive/2015/texmf-dist/tex/latex/base/omscmr.fd
File: omscmr.fd 2014/09/29 v2.5h Standard LaTeX font definitions
)
LaTeX Font Info:    Font shape `OMS/cmr/m/n' in size <10> not available
(Font)              Font shape `OMS/cmsy/m/n' tried instead on input line 890.
 [48 <./images/server_runing.png> <./images/php_mysql.png>]
Missing character: There is no ‘ in font cmr10!
Missing character: There is no ’ in font cmr10!
Missing character: There is no ’ in font cmr10!
Missing character: There is no ’ in font cmr10!

<images/mysql_table.png, id=853, 1138.2525pt x 387.4475pt>
File: images/mysql_table.png Graphic file (type png)

<use images/mysql_table.png>
Package pdftex.def Info: images/mysql_table.png used on input line 960.
(pdftex.def)             Requested size: 431.13188pt x 146.7527pt.

! Misplaced alignment tab character &.
l.967 ...QL class table. University of Programme &
                                                   Unit Catalogues website i...
I can't figure out why you would want to use a tab mark
here. If you just want an ampersand, the remedy is
simple: Just type `I\&' now. But if some right brace
up above has ended a previous alignment prematurely,
you're probably due for more error messages, and you
might try typing `S' now just to see what is salvageable.

[49]
LaTeX Font Info:    Font shape `OMS/cmr/m/it' in size <10> not available
(Font)              Font shape `OMS/cmsy/m/n' tried instead on input line 974.

Overfull \hbox (0.87251pt too wide) in paragraph at lines 982--983
[][][][][][][][][][][][][][][][][][][][][][][][][][][][]  
 []

[50 <./images/mysql_table.png>]
LaTeX Font Info:    Try loading font information for OML+cmr on input line 993.


(/usr/local/texlive/2015/texmf-dist/tex/latex/base/omlcmr.fd
File: omlcmr.fd 2014/09/29 v2.5h Standard LaTeX font definitions
)
LaTeX Font Info:    Font shape `OML/cmr/m/n' in size <10> not available
(Font)              Font shape `OML/cmm/m/it' tried instead on input line 993.

Overfull \hbox (0.87251pt too wide) in paragraph at lines 1003--1004
[][][][][][][][][][][][][][][][][][][][][] 
 []


Overfull \hbox (0.87251pt too wide) in paragraph at lines 1005--1006
[][][][][][][][][][][][][][][][][][][][][] 
 []


Overfull \hbox (12.87263pt too wide) in paragraph at lines 1007--1008
[][][][][][][][][][][][][][][][][][][][][][][][]  
 []


Overfull \hbox (2.87233pt too wide) in paragraph at lines 1008--1009
[][][][][][][][][][][][][][][][][][][][][][][][][][][] 
 []


Overfull \hbox (48.873pt too wide) in paragraph at lines 1021--1022
[][][][][][][][][][][][][][][][][][][][][][][][]  
 []

[51]
Missing character: There is no ’ in font cmr10!
 <images/countclass.png, id=967, 1134.2375pt x 206.7725pt>
File: images/countclass.png Graphic file (type png)

<use images/countclass.png>
Package pdftex.def Info: images/countclass.png used on input line 1062.
(pdftex.def)             Requested size: 431.13188pt x 78.59644pt.
Missing character: There is no ’ in font cmr10!

Overfull \hbox (92.61134pt too wide) in paragraph at lines 1069--1070
\OT1/cmr/m/n/10.95 bridge be-tween ap-pli-ca-tion and Server. It has Six files 
on the Server. (In-dex.php,Config.php,DB[]Functions.php, 
 []

[52 <./images/countclass.png>]
(/usr/local/texlive/2015/texmf-dist/tex/latex/listings/lstlang1.sty
File: lstlang1.sty 2014/09/06 1.5e listings language file
)
(/usr/local/texlive/2015/texmf-dist/tex/latex/listings/lstlang2.sty
File: lstlang2.sty 2014/09/06 1.5e listings language file
)
! Missing $ inserted.
<inserted text> 
                $
l.1084 ..., label=PHP DB_Connect File,frame=lines]
                                                  
I've inserted a begin-math/end-math symbol since I think
you left one out. Proceed, with fingers crossed.

! Extra }, or forgotten $.
\sbox ...hbox {\color@setgroup #2\color@endgroup }
                                                  
l.1084 ..., label=PHP DB_Connect File,frame=lines]
                                                  
I've deleted a group-closing symbol because it seems to be
spurious, as in `$x}$'. But perhaps the } is legitimate and
you forgot something else, as in `\hbox{$x}'. In such cases
the way to recover is to insert both the forgotten and the
deleted material, e.g., by typing `I$}'.

! Missing $ inserted.
<inserted text> 
                $
l.1084 ..., label=PHP DB_Connect File,frame=lines]
                                                  
I've inserted a begin-math/end-math symbol since I think
you left one out. Proceed, with fingers crossed.

! Missing } inserted.
<inserted text> 
                }
l.1084 ..., label=PHP DB_Connect File,frame=lines]
                                                  
I've inserted something that you may have forgotten.
(See the <inserted text> above.)
With luck, this will get me unwedged. But if you
really didn't forget anything, try typing `2' now; then
my insertion and my current dilemma will both disappear.

LaTeX Font Info:    Font shape `OML/cmr/m/it' in size <10> not available
(Font)              Font shape `OML/cmm/m/it' tried instead on input line 1097.

[53] [54]
Underfull \hbox (badness 10000) in paragraph at lines 1164--1166

 []

Missing character: There is no ’ in font cmr10!
Missing character: There is no ’ in font cmr10!
Missing character: There is no ’ in font cmr10!
Missing character: There is no ’ in font cmr10!

Overfull \hbox (44.70581pt too wide) in paragraph at lines 1171--1173
\OT1/cmr/m/n/10.95 scene.[RongCloud] The Rong-Cloud SDK de-vel-op-ment doc-u-me
nts is http://www.rongcloud.cn/docs/.
 []

Missing character: There is no “ in font cmr10!
Missing character: There is no ‘ in font cmr10!
Missing character: There is no ’ in font cmr10!
Missing character: There is no ” in font cmr10!
Missing character: There is no ’ in font cmr10!
Missing character: There is no “ in font cmr10!
Missing character: There is no ” in font cmr10!
Missing character: There is no “ in font cmr10!
Missing character: There is no ” in font cmr10!

Underfull \hbox (badness 10000) in paragraph at lines 1175--1179

 []


Underfull \hbox (badness 10000) in paragraph at lines 1181--1182

 []

(/usr/local/texlive/2015/texmf-dist/tex/latex/listings/lstlang1.sty
File: lstlang1.sty 2014/09/06 1.5e listings language file
)
(/usr/local/texlive/2015/texmf-dist/tex/latex/listings/lstlang2.sty
File: lstlang2.sty 2014/09/06 1.5e listings language file
)
(/usr/local/texlive/2015/texmf-dist/tex/latex/listings/lstlang3.sty
File: lstlang3.sty 2014/09/06 1.5e listings language file
)

! Package Listings Error: Couldn't load requested language.

See the Listings package documentation for explanation.
Type  H <return>  for immediate help.
 ...                                              
                                                  
l.1183 ... label=IMServer connection ,frame=lines]
                                                  
The following languages weren't loadable:
    ,swift$
This may cause errors in the sequel.


! Package Listings Error: language swift undefined.

See the Listings package documentation for explanation.
Type  H <return>  for immediate help.
 ...                                              
                                                  
l.1183 ... label=IMServer connection ,frame=lines]
                                                  
The language is not loadable. Try typing  <return>  to proceed.
If that doesn't work, type  X <return>  to quit.

[55]
Overfull \hbox (152.87386pt too wide) in paragraph at lines 1191--1192
[][][][][][][][][][][][][][][][][][][][] 
 []


Overfull \hbox (6.87257pt too wide) in paragraph at lines 1192--1193
[][][][][][][][][][][][][]  
 []


Overfull \hbox (4.73701pt too wide) in paragraph at lines 1206--1207
\OT1/cmr/m/n/10.95 TheMes-sageViewView-Con-troller over-rid-ing the IM SDK RC-C
onver-sa-tion-ListView-Con-troller
 []


Underfull \hbox (badness 10000) in paragraph at lines 1206--1207

 []

(/usr/local/texlive/2015/texmf-dist/tex/latex/listings/lstlang1.sty
File: lstlang1.sty 2014/09/06 1.5e listings language file
)
(/usr/local/texlive/2015/texmf-dist/tex/latex/listings/lstlang2.sty
File: lstlang2.sty 2014/09/06 1.5e listings language file
)
(/usr/local/texlive/2015/texmf-dist/tex/latex/listings/lstlang3.sty
File: lstlang3.sty 2014/09/06 1.5e listings language file
)

! Package Listings Error: Couldn't load requested language.

See the Listings package documentation for explanation.
Type  H <return>  for immediate help.
 ...                                              
                                                  
l.1208 ..., label=IMServer Interface ,frame=lines]
                                                  
The following languages weren't loadable:
    ,swift$
This may cause errors in the sequel.


! Package Listings Error: language swift undefined.

See the Listings package documentation for explanation.
Type  H <return>  for immediate help.
 ...                                              
                                                  
l.1208 ..., label=IMServer Interface ,frame=lines]
                                                  
The language is not loadable. Try typing  <return>  to proceed.
If that doesn't work, type  X <return>  to quit.


Overfull \hbox (138.87392pt too wide) in paragraph at lines 1212--1213
[][][][][][][][][][][][][][][]  
 []


Overfull \hbox (168.87422pt too wide) in paragraph at lines 1218--1219
[][][][][][][][][][][][][][][]  
 []

[56]
Missing character: There is no ’ in font cmr10!

! Missing $ inserted.
<inserted text> 
                $
l.1255 ... https://github.com/shaoyuspace/Inclass_
                                                  Bath.
I've inserted a begin-math/end-math symbol since I think
you left one out. Proceed, with fingers crossed.

! Missing $ inserted.
<inserted text> 
                $
l.1256 \subsection
                  {Data}
I've inserted a begin-math/end-math symbol since I think
you left one out. Proceed, with fingers crossed.

Missing character: There is no ’ in font cmr10!
[57] (/usr/local/texlive/2015/texmf-dist/tex/latex/listings/lstlang1.sty
File: lstlang1.sty 2014/09/06 1.5e listings language file
)
(/usr/local/texlive/2015/texmf-dist/tex/latex/listings/lstlang2.sty
File: lstlang2.sty 2014/09/06 1.5e listings language file
)
(/usr/local/texlive/2015/texmf-dist/tex/latex/listings/lstlang3.sty
File: lstlang3.sty 2014/09/06 1.5e listings language file
)

! Package Listings Error: Couldn't load requested language.

See the Listings package documentation for explanation.
Type  H <return>  for immediate help.
 ...                                              
                                                  
l.1263 ... label=Model Database Code ,frame=lines]
                                                  
The following languages weren't loadable:
    ,swift$
This may cause errors in the sequel.


! Package Listings Error: language swift undefined.

See the Listings package documentation for explanation.
Type  H <return>  for immediate help.
 ...                                              
                                                  
l.1263 ... label=Model Database Code ,frame=lines]
                                                  
The language is not loadable. Try typing  <return>  to proceed.
If that doesn't work, type  X <return>  to quit.

[58]
Overfull \hbox (32.87263pt too wide) in paragraph at lines 1305--1306
[][][][][][][][][][] 
 []

(/usr/local/texlive/2015/texmf-dist/tex/latex/listings/lstlang1.sty
File: lstlang1.sty 2014/09/06 1.5e listings language file
)
(/usr/local/texlive/2015/texmf-dist/tex/latex/listings/lstlang2.sty
File: lstlang2.sty 2014/09/06 1.5e listings language file
)
(/usr/local/texlive/2015/texmf-dist/tex/latex/listings/lstlang3.sty
File: lstlang3.sty 2014/09/06 1.5e listings language file
)

! Package Listings Error: Couldn't load requested language.

See the Listings package documentation for explanation.
Type  H <return>  for immediate help.
 ...                                              
                                                  
l.1311 ...bel=Model Local files load ,frame=lines]
                                                  
The following languages weren't loadable:
    ,swift$
This may cause errors in the sequel.


! Package Listings Error: language swift undefined.

See the Listings package documentation for explanation.
Type  H <return>  for immediate help.
 ...                                              
                                                  
l.1311 ...bel=Model Local files load ,frame=lines]
                                                  
The language is not loadable. Try typing  <return>  to proceed.
If that doesn't work, type  X <return>  to quit.


Overfull \hbox (56.87288pt too wide) in paragraph at lines 1317--1318
[][][][][][][][][][][][][]  
 []

[59]
Underfull \hbox (badness 10000) in paragraph at lines 1340--1341

 []


Underfull \hbox (badness 10000) in paragraph at lines 1343--1345

 []

Missing character: There is no ’ in font cmr10!
Missing character: There is no ’ in font cmr10!
Missing character: There is no ’ in font cmr10!
Missing character: There is no ’ in font cmr10!
[60]
Missing character: There is no ’ in font cmr10!
Missing character: There is no ’ in font cmr10!
Missing character: There is no ’ in font cmr10!
Missing character: There is no ’ in font cmr10!
Missing character: There is no ’ in font cmr10!
Missing character: There is no ’ in font cmr10!
 <images/test111.png, id=1230, 1027.84pt x 770.88pt>
File: images/test111.png Graphic file (type png)

<use images/test111.png>
Package pdftex.def Info: images/test111.png used on input line 1405.
(pdftex.def)             Requested size: 431.13188pt x 323.3557pt.
 [61] [62] [63 <./images/test111.png>]
Chapter 7.
<images/Result_mysql.png, id=1245, 2433.09pt x 1110.1475pt>
File: images/Result_mysql.png Graphic file (type png)

<use images/Result_mysql.png>
Package pdftex.def Info: images/Result_mysql.png used on input line 1419.
(pdftex.def)             Requested size: 431.13188pt x 196.70107pt.
 [64

 <./images/Result_mysql.png>] [65]
Chapter 8.
Missing character: There is no ’ in font cmr10!
Missing character: There is no ’ in font cmr10!
Missing character: There is no ’ in font cmr10!
Missing character: There is no ’ in font cmr10!
Missing character: There is no ’ in font cmr10!
Missing character: There is no ’ in font cmr10!
Missing character: There is no ’ in font cmr10!
Missing character: There is no ’ in font cmr10!
Missing character: There is no ’ in font cmr10!
Missing character: There is no ’ in font cmr10!
[66

]
Missing character: There is no ’ in font cmr10!
 [67]
Appendix A.
Missing character: There is no ’ in font cmr10!
Missing character: There is no ’ in font cmr10!
Missing character: There is no ’ in font cmr10!
[68

] [69] [70]
<images/survey_result.png, id=1276, 1161.33875pt x 2733.21124pt>
File: images/survey_result.png Graphic file (type png)

<use images/survey_result.png>
Package pdftex.def Info: images/survey_result.png used on input line 1551.
(pdftex.def)             Requested size: 215.56593pt x 507.30438pt.
 [71] [72 <./images/survey_result.png>]
Appendix B.
[73

]
Appendix C.
[74

]
Appendix D.
[75

]
Appendix E.
(./Dissertation.bbl [76

]
! Missing $ inserted.
<inserted text> 
                $
l.6 
    
I've inserted a begin-math/end-math symbol since I think
you left one out. Proceed, with fingers crossed.

! Extra }, or forgotten $.
<recently read> \egroup 
                        
l.6 
    
I've deleted a group-closing symbol because it seems to be
spurious, as in `$x}$'. But perhaps the } is legitimate and
you forgot something else, as in `\hbox{$x}'. In such cases
the way to recover is to insert both the forgotten and the
deleted material, e.g., by typing `I$}'.

! Missing $ inserted.
<inserted text> 
                $
l.6 
    
I've inserted a begin-math/end-math symbol since I think
you left one out. Proceed, with fingers crossed.

! Missing } inserted.
<inserted text> 
                }
l.6 
    
I've inserted something that you may have forgotten.
(See the <inserted text> above.)
With luck, this will get me unwedged. But if you
really didn't forget anything, try typing `2' now; then
my insertion and my current dilemma will both disappear.


Overfull \hbox (386.81544pt too wide) in paragraph at lines 10--10
\OT1/cmr/bx/n/10.95 URL: \OT1/cmr/m/it/10.95 https://developer.apple.com/librar
y/ios/documentation/Miscellaneous/Conceptual/iPhoneOSTechOverview/iPhoneOSTechn
ologies/iPhoneOSTechnologies.html 
 []

! Missing $ inserted.
<inserted text> 
                $
l.18 
     
I've inserted a begin-math/end-math symbol since I think
you left one out. Proceed, with fingers crossed.

! Extra }, or forgotten $.
<recently read> \egroup 
                        
l.18 
     
I've deleted a group-closing symbol because it seems to be
spurious, as in `$x}$'. But perhaps the } is legitimate and
you forgot something else, as in `\hbox{$x}'. In such cases
the way to recover is to insert both the forgotten and the
deleted material, e.g., by typing `I$}'.

! Missing $ inserted.
<inserted text> 
                $
l.18 
     
I've inserted a begin-math/end-math symbol since I think
you left one out. Proceed, with fingers crossed.

! Missing } inserted.
<inserted text> 
                }
l.18 
     
I've inserted something that you may have forgotten.
(See the <inserted text> above.)
With luck, this will get me unwedged. But if you
really didn't forget anything, try typing `2' now; then
my insertion and my current dilemma will both disappear.

[77

]) [78] (./yourCodeFile.java
LaTeX Font Info:    Font shape `OMS/cmr/m/n' in size <8> not available
(Font)              Font shape `OMS/cmsy/m/n' tried instead on input line 2.
) [79

]
Package atveryend Info: Empty hook `BeforeClearDocument' on input line 1582.
Package atveryend Info: Empty hook `AfterLastShipout' on input line 1582.
 (./Dissertation.aux)
Package atveryend Info: Executing hook `AtVeryEndDocument' on input line 1582.
Package atveryend Info: Executing hook `AtEndAfterFileList' on input line 1582.

Package rerunfilecheck Info: File `Dissertation.out' has not changed.
(rerunfilecheck)             Checksum: 106B54EBEA90BE51672EB4792474CE5F;4885.


LaTeX Warning: There were multiply-defined labels.

Package atveryend Info: Empty hook `AtVeryVeryEnd' on input line 1582.
 ) 
Here is how much of TeX's memory you used:
 9905 strings out of 493089
 154219 string characters out of 6134842
 542627 words of memory out of 5000000
 12624 multiletter control sequences out of 15000+600000
 12865 words of font info for 44 fonts, out of 8000000 for 9000
 1141 hyphenation exceptions out of 8191
 33i,8n,43p,3582b,3577s stack positions out of 5000i,500n,10000p,200000b,80000s
</usr/local/texlive/2015/texmf-dist/fonts/type1/public/amsfonts/cm/cmbx10.pfb
></usr/local/texlive/2015/texmf-dist/fonts/type1/public/amsfonts/cm/cmbx12.pfb>
</usr/local/texlive/2015/texmf-dist/fonts/type1/public/amsfonts/cm/cmbx8.pfb></
usr/local/texlive/2015/texmf-dist/fonts/type1/public/amsfonts/cm/cmmi10.pfb></u
sr/local/texlive/2015/texmf-dist/fonts/type1/public/amsfonts/cm/cmmi8.pfb></usr
/local/texlive/2015/texmf-dist/fonts/type1/public/amsfonts/cm/cmr10.pfb></usr/l
ocal/texlive/2015/texmf-dist/fonts/type1/public/amsfonts/cm/cmr12.pfb></usr/loc
al/texlive/2015/texmf-dist/fonts/type1/public/amsfonts/cm/cmr17.pfb></usr/local
/texlive/2015/texmf-dist/fonts/type1/public/amsfonts/cm/cmr6.pfb></usr/local/te
xlive/2015/texmf-dist/fonts/type1/public/amsfonts/cm/cmr8.pfb></usr/local/texli
ve/2015/texmf-dist/fonts/type1/public/amsfonts/cm/cmsl10.pfb></usr/local/texliv
e/2015/texmf-dist/fonts/type1/public/amsfonts/cm/cmsy10.pfb></usr/local/texlive
/2015/texmf-dist/fonts/type1/public/amsfonts/cm/cmsy8.pfb></usr/local/texlive/2
015/texmf-dist/fonts/type1/public/amsfonts/cm/cmti10.pfb></usr/local/texlive/20
15/texmf-dist/fonts/type1/public/amsfonts/cm/cmti8.pfb></usr/local/texlive/2015
/texmf-dist/fonts/type1/public/amsfonts/cm/cmtt10.pfb>
Output written on Dissertation.pdf (91 pages, 2566424 bytes).
PDF statistics:
 1525 PDF objects out of 1728 (max. 8388607)
 1356 compressed objects within 14 object streams
 624 named destinations out of 1000 (max. 500000)
 736 words of extra memory for PDF output out of 10000 (max. 10000000)

